<?xml version="1.0" encoding="UTF-8"?>
<!-- Generated by org.testng.reporters.JUnitXMLReporter -->
<testsuite hostname="tushargupta02" ignored="4" name="Default test" tests="1" failures="0" timestamp="2021-09-17T23:04:50 IST" time="40.066" errors="0">
  <testcase name="storyclick" time="6.231" classname="Tests.ExtraTest"/>
  <testcase name="securityAndPrivacy" time="0.0" classname="Tests.ExtraTest">
    <ignored/>
  </testcase> <!-- securityAndPrivacy -->
  <testcase name="contact" time="0.0" classname="Tests.ExtraTest">
    <ignored/>
  </testcase> <!-- contact -->
  <testcase name="topOffer" time="0.0" classname="Tests.ExtraTest">
    <ignored/>
  </testcase> <!-- topOffer -->
  <testcase name="superCoin" time="0.0" classname="Tests.ExtraTest">
    <ignored/>
  </testcase> <!-- superCoin -->
</testsuite> <!-- Default test -->
