<?xml version="1.0" encoding="UTF-8"?>
<!-- Generated by org.testng.reporters.JUnitXMLReporter -->
<testsuite hostname="tushargupta02" ignored="18" tests="0" failures="0" timestamp="2021-09-18T00:02:07 IST" time="0.007" errors="0">
  <testcase name="signupByHover" time="0.0" classname="Tests.ExtraTest">
    <ignored/>
  </testcase> <!-- signupByHover -->
  <testcase name="contact" time="0.0" classname="Tests.ExtraTest">
    <ignored/>
  </testcase> <!-- contact -->
  <testcase name="tabHover" time="0.0" classname="Tests.ProductSearchTest">
    <ignored/>
  </testcase> <!-- tabHover -->
  <testcase name="invalidLogin" time="0.0" classname="Tests.LoginTest">
    <ignored/>
  </testcase> <!-- invalidLogin -->
  <testcase name="flipkartFacebook" time="0.0" classname="Tests.ExtraTest">
    <ignored/>
  </testcase> <!-- flipkartFacebook -->
  <testcase name="searchProduct" time="0.0" classname="Tests.ProductSearchTest">
    <ignored/>
  </testcase> <!-- searchProduct -->
  <testcase name="storyclick" time="0.0" classname="Tests.ExtraTest">
    <ignored/>
  </testcase> <!-- storyclick -->
  <testcase name="addAddress" time="0.0" classname="Tests.AddressTest">
    <ignored/>
  </testcase> <!-- addAddress -->
  <testcase name="logout" time="0.0" classname="Tests.LogoutTest">
    <ignored/>
  </testcase> <!-- logout -->
  <testcase name="securityAndPrivacy" time="0.0" classname="Tests.ExtraTest">
    <ignored/>
  </testcase> <!-- securityAndPrivacy -->
  <testcase name="topOffer" time="0.0" classname="Tests.ExtraTest">
    <ignored/>
  </testcase> <!-- topOffer -->
  <testcase name="TravelOneWay" time="0.0" classname="Tests.TravelTest">
    <ignored/>
  </testcase> <!-- TravelOneWay -->
  <testcase name="superCoin" time="0.0" classname="Tests.ExtraTest">
    <ignored/>
  </testcase> <!-- superCoin -->
  <testcase name="TravelTwoWay" time="0.0" classname="Tests.TravelTest">
    <ignored/>
  </testcase> <!-- TravelTwoWay -->
  <testcase name="nullValueLogin" time="0.0" classname="Tests.LoginTest">
    <ignored/>
  </testcase> <!-- nullValueLogin -->
  <testcase name="deleteAddress" time="0.0" classname="Tests.AddressTest">
    <ignored/>
  </testcase> <!-- deleteAddress -->
  <testcase name="validLogin" time="0.0" classname="Tests.LoginTest">
    <ignored/>
  </testcase> <!-- validLogin -->
  <testcase name="buyProduct" time="0.0" classname="Tests.ProductSearchTest">
    <ignored/>
  </testcase> <!-- buyProduct -->
</testsuite>
